<?xml version="1.0" encoding="UTF-8"?>
<!-- Generated by org.testng.reporters.JUnitReportReporter -->
<testsuite hostname="SSTLAP357" failures="0" tests="1" name="AppiumTest.Ecomm_TC_4_Hybrid" time="27.560" errors="0" timestamp="11 Oct 2024 13:11:34 GMT">
  <testcase classname="AppiumTest.Ecomm_TC_4_Hybrid" name="generalStore" time="27.560"/>
</testsuite> <!-- AppiumTest.Ecomm_TC_4_Hybrid -->
