<?xml version="1.0" encoding="UTF-8"?>
<!-- Generated by org.testng.reporters.JUnitReportReporter -->
<testsuite hostname="SSTLAP357" failures="0" tests="2" name="AppiumTest.Ecomm_TC_2" time="61.689" errors="0" timestamp="14 Oct 2024 10:18:09 GMT">
  <testcase classname="AppiumTest.Ecomm_TC_2" name="FillForm_PositiveFlow" time="34.242"/>
  <testcase classname="AppiumTest.Ecomm_TC_2" name="FillForm_ErrorValidation" time="27.447"/>
</testsuite> <!-- AppiumTest.Ecomm_TC_2 -->
