<?xml version="1.0" encoding="UTF-8"?>
<!-- Generated by org.testng.reporters.JUnitReportReporter -->
<testsuite hostname="SSTLAP357" failures="0" tests="1" name="AppiumTest.Ecomm_TC_4_Hybrid" time="29.248" errors="0" timestamp="12 Oct 2024 08:41:48 GMT">
  <testcase classname="AppiumTest.Ecomm_TC_4_Hybrid" name="generalStore" time="29.248"/>
</testsuite> <!-- AppiumTest.Ecomm_TC_4_Hybrid -->
