<?xml version="1.0" encoding="UTF-8"?>
<!-- Generated by org.testng.reporters.JUnitReportReporter -->
<testsuite hostname="SSTLAP357" failures="0" tests="1" name="AppiumTest.Ecomm_TC_2" time="15.380" errors="0" timestamp="12 Oct 2024 08:44:03 GMT">
  <testcase classname="AppiumTest.Ecomm_TC_2" name="FillForm_PositiveFlow" time="15.380"/>
</testsuite> <!-- AppiumTest.Ecomm_TC_2 -->
